\BOOKMARK [1][-]{section.1}{\376\377\000P\000r\000o\000b\000l\000e\000m\000\040\000S\000t\000a\000t\000e\000m\000e\000n\000t}{}% 1
\BOOKMARK [1][-]{section.2}{\376\377\000R\000a\000t\000i\000o\000n\000a\000l\000e}{}% 2
\BOOKMARK [1][-]{section.3}{\376\377\000L\000i\000t\000e\000r\000a\000t\000u\000r\000e\000\040\000R\000e\000v\000i\000e\000w}{}% 3
\BOOKMARK [2][-]{subsection.3.1}{\376\377\000I\000n\000t\000r\000o\000d\000u\000c\000t\000i\000o\000n}{section.3}% 4
\BOOKMARK [2][-]{subsection.3.2}{\376\377\000R\000e\000l\000a\000t\000e\000d\000\040\000W\000o\000r\000k}{section.3}% 5
\BOOKMARK [2][-]{subsection.3.3}{\376\377\000W\000e\000b\000G\000L\000\040\000f\000o\000r\000\040\000e\000x\000p\000e\000r\000i\000m\000e\000n\000t\000s}{section.3}% 6
\BOOKMARK [1][-]{section.4}{\376\377\000M\000e\000t\000h\000o\000d\000o\000l\000o\000g\000i\000e\000s}{}% 7
\BOOKMARK [1][-]{section.5}{\376\377\000D\000e\000s\000i\000g\000n}{}% 8
\BOOKMARK [2][-]{subsection.5.1}{\376\377\000A\000p\000p\000l\000i\000c\000a\000t\000i\000o\000n\000\040\000P\000r\000o\000g\000r\000a\000m}{section.5}% 9
\BOOKMARK [2][-]{subsection.5.2}{\376\377\000G\000L\000\040\000C\000o\000n\000t\000e\000x\000t}{section.5}% 10
\BOOKMARK [2][-]{subsection.5.3}{\376\377\000G\000r\000a\000p\000h\000i\000c\000a\000l\000\040\000P\000i\000p\000e\000l\000i\000n\000e}{section.5}% 11
\BOOKMARK [3][-]{subsubsection.5.3.1}{\376\377\000V\000e\000r\000t\000e\000x\000\040\000P\000r\000o\000c\000e\000s\000s\000o\000r}{subsection.5.3}% 12
\BOOKMARK [3][-]{subsubsection.5.3.2}{\376\377\000C\000l\000i\000p\000p\000i\000n\000g\000\040\000\046\000\040\000P\000r\000i\000m\000i\000t\000i\000v\000e\000\040\000A\000s\000s\000e\000m\000b\000l\000y}{subsection.5.3}% 13
\BOOKMARK [3][-]{subsubsection.5.3.3}{\376\377\000R\000a\000s\000t\000e\000r\000i\000z\000e\000r}{subsection.5.3}% 14
\BOOKMARK [3][-]{subsubsection.5.3.4}{\376\377\000F\000r\000a\000g\000m\000e\000n\000t\000\040\000P\000r\000o\000c\000e\000s\000s\000o\000r}{subsection.5.3}% 15
\BOOKMARK [1][-]{section.6}{\376\377\000R\000e\000s\000e\000a\000r\000c\000h\000\040\000R\000e\000s\000u\000l\000t\000s}{}% 16
\BOOKMARK [1][-]{section.7}{\376\377\000C\000o\000n\000c\000l\000u\000s\000i\000o\000n}{}% 17
\BOOKMARK [1][-]{section.8}{\376\377\000R\000e\000f\000l\000e\000c\000t\000i\000o\000n\000s\000\040\000o\000n\000\040\000R\000e\000s\000e\000a\000r\000c\000h\000\040\000J\000o\000u\000r\000n\000e\000y}{}% 18
\BOOKMARK [2][-]{subsection.8.1}{\376\377\000C\000h\000a\000l\000l\000e\000n\000g\000e\000s}{section.8}% 19
\BOOKMARK [2][-]{subsection.8.2}{\376\377\000F\000u\000t\000u\000r\000e\000\040\000W\000o\000r\000k}{section.8}% 20
\BOOKMARK [1][-]{section.9}{\376\377\000A\000c\000k\000n\000o\000w\000l\000e\000d\000g\000e\000m\000e\000n\000t\000s}{}% 21
